## [2021-07-05 01:14:02] Request #######################################

GET /feeds/discussions.rss HTTP/1.1
Host: www.litecart.net
User-Agent: LiteCart/2.2.7
Content-Length: 0
Connection: Close



## [2021-07-05 01:14:02] Response — 9009 bytes transferred in 0.242 s ##

HTTP/1.1 200 OK
Date: Sun, 04 Jul 2021 20:14:02 GMT
Content-Type: application/rss+xml; charset=utf-8
Transfer-Encoding: chunked
Connection: close
Set-Cookie: LCSESSID=e33ad2ad9a85b2b7bcb8dea3fa5767b7; path=/; HttpOnly; SameSite=Lax; secure
Expires: Thu, 19 Nov 1981 08:52:00 GMT
Cache-Control: no-store, no-cache, must-revalidate
Pragma: no-cache
X-Frame-Options: SAMEORIGIN
Content-Security-Policy: frame-ancestors 'self';
X-Powered-By: LiteCart.net
Content-Language: en
Vary: Accept-Encoding
X-Turbo-Charged-By: LiteSpeed
CF-Cache-Status: DYNAMIC
Expect-CT: max-age=604800, report-uri="https://report-uri.cloudflare.com/cdn-cgi/beacon/expect-ct"
Report-To: {"endpoints":[{"url":"https:\/\/a.nel.cloudflare.com\/report\/v2?s=7y0mAsecS%2F4IFPUEbpXCjOU6QUPxFvhtJbkk0ytHM4dOkgIKfS3%2FKtc%2BcteuXR1Ddoki2L%2FzxNQxCnldg8sByGDK6FEcVgDZjHvH9AQ0DIvVngF%2FNx477ZbLK2mkG1dzEqAcy6UQpy43%2Bw%3D%3D"}],"group":"cf-nel","max_age":604800}
NEL: {"report_to":"cf-nel","max_age":604800}
Server: cloudflare
CF-RAY: 669b048099b7d45f-HAM
alt-svc: h3-27=":443"; ma=86400, h3-28=":443"; ma=86400, h3-29=":443"; ma=86400, h3=":443"; ma=86400

<?xml version="1.0" encoding="utf-8" ?>
<rss version="2.0">
  <channel>
    <title>LiteCart Forum Discussions</title>
    <link>https://www.litecart.net/forums/index</link>
    <description>The most recent forum activity.</description>
    <language>en</language>
    <item>
      <category><![CDATA[General Discussions]]></category>
      <title><![CDATA[Static files from a subdomain]]></title>
      <link>https://www.litecart.net/en/forums/2/general-discussions/15036/static-files-from-a-subdomain</link>
      <description></description>
      <author><![CDATA[jamie]]></author>
      <pubDate>Sun, 04 Jul 2021 11:53:26 +0000</pubDate>
    </item>
    <item>
      <category><![CDATA[General Discussions]]></category>
      <title><![CDATA[How to hide a purchasable product in store?]]></title>
      <link>https://www.litecart.net/en/forums/2/general-discussions/14262/how-to-hide-a-purchasable-product-in-store</link>
      <description></description>
      <author><![CDATA[s22_tech]]></author>
      <pubDate>Sat, 03 Jul 2021 10:28:09 +0000</pubDate>
    </item>
    <item>
      <category><![CDATA[Errors and Troubleshooting]]></category>
      <title><![CDATA[Customer adress has letter limit?]]></title>
      <link>https://www.litecart.net/en/forums/15/errors-and-troubleshooting/15040/customer-adress-has-letter-limit</link>
      <description></description>
      <author><![CDATA[alins]]></author>
      <pubDate>Fri, 02 Jul 2021 22:34:58 +0000</pubDate>
    </item>
    <item>
      <category><![CDATA[Add-ons]]></category>
      <title><![CDATA[Error while saving changes]]></title>
      <link>https://www.litecart.net/en/forums/7/add-ons/14280/error-while-saving-changes</link>
      <description></description>
      <author><![CDATA[swevac]]></author>
      <pubDate>Fri, 02 Jul 2021 09:13:06 +0000</pubDate>
    </item>
    <item>
      <category><![CDATA[This Website]]></category>
      <title><![CDATA[Change the background color]]></title>
      <link>https://www.litecart.net/en/forums/1/this-website/15022/change-the-background-color</link>
      <description></description>
      <author><![CDATA[mkg590]]></author>
      <pubDate>Fri, 02 Jul 2021 08:03:20 +0000</pubDate>
    </item>
    <item>
      <category><![CDATA[Add-ons]]></category>
      <title><![CDATA[Refund for faulty Addon]]></title>
      <link>https://www.litecart.net/en/forums/7/add-ons/15014/refund-for-faulty-addon</link>
      <description></description>
      <author><![CDATA[keith1186]]></author>
      <pubDate>Fri, 02 Jul 2021 06:12:53 +0000</pubDate>
    </item>
    <item>
      <category><![CDATA[Business and Strategies]]></category>
      <title><![CDATA[Brexit from January 2021]]></title>
      <link>https://www.litecart.net/en/forums/23/business-and-strategies/14022/brexit-from-january-2021</link>
      <description></description>
      <author><![CDATA[jkuikka]]></author>
      <pubDate>Thu, 01 Jul 2021 13:26:47 +0000</pubDate>
    </item>
    <item>
      <category><![CDATA[Add-ons]]></category>
      <title><![CDATA[Ajax search with images]]></title>
      <link>https://www.litecart.net/en/forums/7/add-ons/14958/ajax-search-with-images</link>
      <description></description>
      <author><![CDATA[jamie]]></author>
      <pubDate>Thu, 01 Jul 2021 07:00:28 +0000</pubDate>
    </item>
    <item>
      <category><![CDATA[Hire a Freelancer]]></category>
      <title><![CDATA[Shipping costs for different countries]]></title>
      <link>https://www.litecart.net/en/forums/19/hire-a-freelancer/15024/shipping-costs-for-different-countries</link>
      <description></description>
      <author><![CDATA[keith1186]]></author>
      <pubDate>Wed, 30 Jun 2021 17:47:54 +0000</pubDate>
    </item>
    <item>
      <category><![CDATA[Errors and Troubleshooting]]></category>
      <title><![CDATA[Fatal Error adding an Options group]]></title>
      <link>https://www.litecart.net/en/forums/15/errors-and-troubleshooting/14700/fatal-error-adding-an-options-group</link>
      <description></description>
      <author><![CDATA[kevanj58]]></author>
      <pubDate>Tue, 29 Jun 2021 16:15:12 +0000</pubDate>
    </item>
    <item>
      <category><![CDATA[Add-ons]]></category>
      <title><![CDATA[Addon not working]]></title>
      <link>https://www.litecart.net/en/forums/7/add-ons/15017/addon-not-working</link>
      <description></description>
      <author><![CDATA[keith1186]]></author>
      <pubDate>Tue, 29 Jun 2021 13:24:09 +0000</pubDate>
    </item>
    <item>
      <category><![CDATA[Add-ons]]></category>
      <title><![CDATA[Payment errors]]></title>
      <link>https://www.litecart.net/en/forums/7/add-ons/14995/payment-errors</link>
      <description></description>
      <author><![CDATA[keith1186]]></author>
      <pubDate>Tue, 29 Jun 2021 09:04:07 +0000</pubDate>
    </item>
    <item>
      <category><![CDATA[Errors and Troubleshooting]]></category>
      <title><![CDATA[This message comes to me almost weekly... What does it mean?]]></title>
      <link>https://www.litecart.net/en/forums/15/errors-and-troubleshooting/15003/this-message-comes-to-me-almost-weekly-what-does-it-mean</link>
      <description></description>
      <author><![CDATA[abofayez]]></author>
      <pubDate>Mon, 28 Jun 2021 22:55:11 +0000</pubDate>
    </item>
    <item>
      <category><![CDATA[Errors and Troubleshooting]]></category>
      <title><![CDATA[All product tags appear in the page title]]></title>
      <link>https://www.litecart.net/en/forums/15/errors-and-troubleshooting/14915/all-product-tags-appear-in-the-page-title</link>
      <description></description>
      <author><![CDATA[abofayez]]></author>
      <pubDate>Mon, 28 Jun 2021 22:45:06 +0000</pubDate>
    </item>
    <item>
      <category><![CDATA[Add-ons]]></category>
      <title><![CDATA[Can anyone help me with this error report?]]></title>
      <link>https://www.litecart.net/en/forums/7/add-ons/14983/can-anyone-help-me-with-this-error-report</link>
      <description></description>
      <author><![CDATA[keith1186]]></author>
      <pubDate>Mon, 28 Jun 2021 19:11:54 +0000</pubDate>
    </item>
    <item>
      <category><![CDATA[Add-ons]]></category>
      <title><![CDATA[Warning: Use of undefined constant]]></title>
      <link>https://www.litecart.net/en/forums/7/add-ons/14908/warning-use-of-undefined-constant</link>
      <description></description>
      <author><![CDATA[jamie]]></author>
      <pubDate>Mon, 28 Jun 2021 19:08:10 +0000</pubDate>
    </item>
    <item>
      <category><![CDATA[Add-ons]]></category>
      <title><![CDATA[Payment errors]]></title>
      <link>https://www.litecart.net/en/forums/7/add-ons/14998/payment-errors</link>
      <description></description>
      <author><![CDATA[keith1186]]></author>
      <pubDate>Mon, 28 Jun 2021 17:09:28 +0000</pubDate>
    </item>
    <item>
      <category><![CDATA[Add-ons]]></category>
      <title><![CDATA[Payment errors]]></title>
      <link>https://www.litecart.net/en/forums/7/add-ons/14997/payment-errors</link>
      <description></description>
      <author><![CDATA[keith1186]]></author>
      <pubDate>Mon, 28 Jun 2021 17:04:56 +0000</pubDate>
    </item>
    <item>
      <category><![CDATA[Add-ons]]></category>
      <title><![CDATA[Payment errors]]></title>
      <link>https://www.litecart.net/en/forums/7/add-ons/14996/payment-errors</link>
      <description></description>
      <author><![CDATA[keith1186]]></author>
      <pubDate>Mon, 28 Jun 2021 16:59:14 +0000</pubDate>
    </item>
    <item>
      <category><![CDATA[Add-ons]]></category>
      <title><![CDATA[Wrong Currency]]></title>
      <link>https://www.litecart.net/en/forums/7/add-ons/14981/wrong-currency</link>
      <description></description>
      <author><![CDATA[keith1186]]></author>
      <pubDate>Mon, 28 Jun 2021 16:37:19 +0000</pubDate>
    </item>
  </channel>
</rss>


