/*/cache/
/8460108789642673626
/a.php
/admin/assets/plugins/jQuery-File-Upload/server/php/
/admin/assets/plugins/jquery-file-upload/server/php/
/admin/thumb.php
/admin/timthumb.php
/assets/global/plugins/jquery-file-upload/server/php/
/assets/jquery-file-upload/server/php/
/assets/plugins/jQuery-File-Upload/server/php/
/assets/plugins/jquery-fileupload/server/php/
/backup/wp-admin/install.php
/blog/wp-admin/install.php
/ckfinder/core/connector/php/connector.php
/cms/wp-admin/install.php
/en
/en/*/9078042466781231174
/en/*/cache/
/en/*/cache/7118439088118400843
/en/3847761278306928521
/en/ajax
/en/ajax/
/en/ajax/3002691158011554980
/en/ajax/8631103021036278209
/en/ajax/cart.json/
/en/baby-diapers-c-3/3829597519477899825
/en/bolalar-tagliklari-c-3/6482015383275678511
/en/bolalar-tagliklari-c-3/subkategory-c-2/8072406119809251583
/en/gigienik-mahsulotlar-c-4/7929718488519418315
/en/hygienic-products-c-4/2289015920070366216
/en/includes/4333607812663049876
/en/includes/templates/4139670997206062708
/en/includes/templates/default.catalog/802748065730530508
/en/includes/templates/default.catalog/images/6394623231118403801
/en/kashalar-c-5/8157579087720228650
/en/kiyimchalar-c-7/2220278204634361557
/en/masks-c-1/7520881465637297020
/en/niqoblar-c-1/4925153570019683886
/en/o-yinchoqlar-c-6/9040196540941595150
/en/sof-gigienik-m-1/5405294918365886674
/en/toys-m-2/2937451672190096951
/ext/3298851086616922727
/ext/featherlight/1477965143550211307
/ext/fontawesome/5107693964937468030
/ext/jquery/6281318038137633485
/images/7703634942603860941
/images/countries/8521625407865222298
/images/slides/7293702816684840486
/includes/4805890214278158433
/includes/templates/4568544299301995
/includes/templates/default.catalog/3968261419600895512
/includes/templates/default.catalog/css/2631212310910970180
/includes/templates/default.catalog/images/2859405707315908896
/includes/templates/default.catalog/js/7455653033041920305
/js/ckfinder/core/connector/php/connector.php
/new/wp-admin/install.php
/old/wp-admin/install.php
/oldsite/wp-admin/install.php
/panel
/plugins/jquery-file-upload/server/php/
/ru/*/cache/
/seter.php
/site/wp-admin/install.php
/test/wp-admin/install.php
/thumb.php
/timthumb.php
/timthumb2.php
/ups.php
/uz
/uz/*/cache/
/uz/4557498760707828314
/uz/regional_settings/
/vendor/phpunit/phpunit/LICENSE
/web/wp-admin/install.php
/wordpress/wp-admin/install.php
/wp-admin/install.php
/wp-admin/network/network.php
/wp-content/plugins/masterx/shx.php
/wp-login.php
/wp-logins.php
/wp/wp-admin/install.php
/xmlrpc.php
